# JRE version: Java(TM) SE Runtime Environment (8.0_101-b13) (build 1.8.0_101-b13)
# Java VM: Java HotSpot(TM) 64-Bit Server VM (25.101-b13 mixed mode windows-amd64 compressed oops)
Heap:
 PSYoungGen      total 886784K, used 63905K [0x000000076ab00000, 0x00000007c0000000, 0x00000007c0000000)
  eden space 578560K, 11% used [0x000000076ab00000,0x000000076e9687b0,0x000000078e000000)
  from space 308224K, 0% used [0x000000078e000000,0x000000078e000000,0x00000007a0d00000)
  to   space 441344K, 0% used [0x00000007a5100000,0x00000007a5100000,0x00000007c0000000)
 ParOldGen       total 1122816K, used 611738K [0x00000006c0000000, 0x0000000704880000, 0x000000076ab00000)
  object space 1122816K, 54% used [0x00000006c0000000,0x00000006e5566878,0x0000000704880000)
 Metaspace       used 7210K, capacity 7800K, committed 7936K, reserved 1056768K
  class space    used 652K, capacity 688K, committed 768K, reserved 1048576K
GC Heap History (10 events):
Event: 40.620 GC heap before
{Heap before GC invocations=22 (full 4):
 PSYoungGen      total 1023488K, used 1022996K [0x000000076ab00000, 0x00000007c0000000, 0x00000007c0000000)
  eden space 772096K, 100% used [0x000000076ab00000,0x0000000799d00000,0x0000000799d00000)
  from space 251392K, 99% used [0x0000000799d00000,0x00000007a9205228,0x00000007a9280000)
  to   space 343552K, 0% used [0x00000007ab080000,0x00000007ab080000,0x00000007c0000000)
 ParOldGen       total 770560K, used 637215K [0x00000006c0000000, 0x00000006ef080000, 0x000000076ab00000)
  object space 770560K, 82% used [0x00000006c0000000,0x00000006e6e47ef0,0x00000006ef080000)
 Metaspace       used 6814K, capacity 7384K, committed 7680K, reserved 1056768K
  class space    used 635K, capacity 656K, committed 768K, reserved 1048576K
Event: 41.011 GC heap after
Heap after GC invocations=22 (full 4):
 PSYoungGen      total 922112K, used 343536K [0x000000076ab00000, 0x00000007c0000000, 0x00000007c0000000)
  eden space 578560K, 0% used [0x000000076ab00000,0x000000076ab00000,0x000000078e000000)
  from space 343552K, 99% used [0x00000007ab080000,0x00000007bfffc0c8,0x00000007c0000000)
  to   space 409600K, 0% used [0x000000078e000000,0x000000078e000000,0x00000007a7000000)
 ParOldGen       total 770560K, used 658846K [0x00000006c0000000, 0x00000006ef080000, 0x000000076ab00000)
  object space 770560K, 85% used [0x00000006c0000000,0x00000006e8367b18,0x00000006ef080000)
 Metaspace       used 6814K, capacity 7384K, committed 7680K, reserved 1056768K
  class space    used 635K, capacity 656K, committed 768K, reserved 1048576K
}
Event: 42.792 GC heap before
{Heap before GC invocations=23 (full 4):
 PSYoungGen      total 922112K, used 922096K [0x000000076ab00000, 0x00000007c0000000, 0x00000007c0000000)
  eden space 578560K, 100% used [0x000000076ab00000,0x000000078e000000,0x000000078e000000)
  from space 343552K, 99% used [0x00000007ab080000,0x00000007bfffc0c8,0x00000007c0000000)
  to   space 409600K, 0% used [0x000000078e000000,0x000000078e000000,0x00000007a7000000)
 ParOldGen       total 770560K, used 658846K [0x00000006c0000000, 0x00000006ef080000, 0x000000076ab00000)
  object space 770560K, 85% used [0x00000006c0000000,0x00000006e8367b30,0x00000006ef080000)
 Metaspace       used 6838K, capacity 7448K, committed 7680K, reserved 1056768K
  class space    used 636K, capacity 656K, committed 768K, reserved 1048576K
Event: 43.394 GC heap after
Heap after GC invocations=23 (full 4):
 PSYoungGen      total 886784K, used 308150K [0x000000076ab00000, 0x00000007c0000000, 0x00000007c0000000)
  eden space 578560K, 0% used [0x000000076ab00000,0x000000076ab00000,0x000000078e000000)
  from space 308224K, 99% used [0x000000078e000000,0x00000007a0cedae8,0x00000007a0d00000)
  to   space 441344K, 0% used [0x00000007a5100000,0x00000007a5100000,0x00000007c0000000)
 ParOldGen       total 796672K, used 796485K [0x00000006c0000000, 0x00000006f0a00000, 0x000000076ab00000)
  object space 796672K, 99% used [0x00000006c0000000,0x00000006f09d16f0,0x00000006f0a00000)
 Metaspace       used 6838K, capacity 7448K, committed 7680K, reserved 1056768K
  class space    used 636K, capacity 656K, committed 768K, reserved 1048576K
}
Event: 43.394 GC heap before
{Heap before GC invocations=24 (full 5):
 PSYoungGen      total 886784K, used 308150K [0x000000076ab00000, 0x00000007c0000000, 0x00000007c0000000)
  eden space 578560K, 0% used [0x000000076ab00000,0x000000076ab00000,0x000000078e000000)
  from space 308224K, 99% used [0x000000078e000000,0x00000007a0cedae8,0x00000007a0d00000)
  to   space 441344K, 0% used [0x00000007a5100000,0x00000007a5100000,0x00000007c0000000)
 ParOldGen       total 796672K, used 796485K [0x00000006c0000000, 0x00000006f0a00000, 0x000000076ab00000)
  object space 796672K, 99% used [0x00000006c0000000,0x00000006f09d16f0,0x00000006f0a00000)
 Metaspace       used 6838K, capacity 7448K, committed 7680K, reserved 1056768K
  class space    used 636K, capacity 656K, committed 768K, reserved 1048576K
Event: 49.974 GC heap after
Heap after GC invocations=24 (full 5):
 PSYoungGen      total 886784K, used 232402K [0x000000076ab00000, 0x00000007c0000000, 0x00000007c0000000)
  eden space 578560K, 0% used [0x000000076ab00000,0x000000076ab00000,0x000000078e000000)
  from space 308224K, 75% used [0x000000078e000000,0x000000079c2f4888,0x00000007a0d00000)
  to   space 441344K, 0% used [0x00000007a5100000,0x00000007a5100000,0x00000007c0000000)
 ParOldGen       total 796672K, used 796553K [0x00000006c0000000, 0x00000006f0a00000, 0x000000076ab00000)
  object space 796672K, 99% used [0x00000006c0000000,0x00000006f09e24b8,0x00000006f0a00000)
 Metaspace       used 6838K, capacity 7448K, committed 7680K, reserved 1056768K
  class space    used 636K, capacity 656K, committed 768K, reserved 1048576K
}
Event: 51.721 GC heap before
{Heap before GC invocations=25 (full 6):
 PSYoungGen      total 886784K, used 810962K [0x000000076ab00000, 0x00000007c0000000, 0x00000007c0000000)
  eden space 578560K, 100% used [0x000000076ab00000,0x000000078e000000,0x000000078e000000)
  from space 308224K, 75% used [0x000000078e000000,0x000000079c2f4888,0x00000007a0d00000)
  to   space 441344K, 0% used [0x00000007a5100000,0x00000007a5100000,0x00000007c0000000)
 ParOldGen       total 796672K, used 796554K [0x00000006c0000000, 0x00000006f0a00000, 0x000000076ab00000)
  object space 796672K, 99% used [0x00000006c0000000,0x00000006f09e2bf0,0x00000006f0a00000)
 Metaspace       used 7087K, capacity 7672K, committed 7936K, reserved 1056768K
  class space    used 649K, capacity 688K, committed 768K, reserved 1048576K
Event: 56.496 GC heap after
Heap after GC invocations=25 (full 6):
 PSYoungGen      total 886784K, used 280307K [0x000000076ab00000, 0x00000007c0000000, 0x00000007c0000000)
  eden space 578560K, 48% used [0x000000076ab00000,0x000000077bcbce48,0x000000078e000000)
  from space 308224K, 0% used [0x000000078e000000,0x000000078e000000,0x00000007a0d00000)
  to   space 441344K, 0% used [0x00000007a5100000,0x00000007a5100000,0x00000007c0000000)
 ParOldGen       total 796672K, used 796649K [0x00000006c0000000, 0x00000006f0a00000, 0x000000076ab00000)
  object space 796672K, 99% used [0x00000006c0000000,0x00000006f09fa428,0x00000006f0a00000)
 Metaspace       used 7087K, capacity 7672K, committed 7936K, reserved 1056768K
  class space    used 649K, capacity 688K, committed 768K, reserved 1048576K
}
Event: 58.295 GC heap before
{Heap before GC invocations=26 (full 7):
 PSYoungGen      total 886784K, used 578560K [0x000000076ab00000, 0x00000007c0000000, 0x00000007c0000000)
  eden space 578560K, 100% used [0x000000076ab00000,0x000000078e000000,0x000000078e000000)
  from space 308224K, 0% used [0x000000078e000000,0x000000078e000000,0x00000007a0d00000)
  to   space 441344K, 0% used [0x00000007a5100000,0x00000007a5100000,0x00000007c0000000)
 ParOldGen       total 796672K, used 796649K [0x00000006c0000000, 0x00000006f0a00000, 0x000000076ab00000)
  object space 796672K, 99% used [0x00000006c0000000,0x00000006f09fa428,0x00000006f0a00000)
 Metaspace       used 7151K, capacity 7736K, committed 7936K, reserved 1056768K
  class space    used 651K, capacity 688K, committed 768K, reserved 1048576K
Event: 62.852 GC heap after
Heap after GC invocations=26 (full 7):
 PSYoungGen      total 886784K, used 0K [0x000000076ab00000, 0x00000007c0000000, 0x00000007c0000000)
  eden space 578560K, 0% used [0x000000076ab00000,0x000000076ab00000,0x000000078e000000)
  from space 308224K, 0% used [0x000000078e000000,0x000000078e000000,0x00000007a0d00000)
  to   space 441344K, 0% used [0x00000007a5100000,0x00000007a5100000,0x00000007c0000000)
 ParOldGen       total 1122816K, used 611738K [0x00000006c0000000, 0x0000000704880000, 0x000000076ab00000)
  object space 1122816K, 54% used [0x00000006c0000000,0x00000006e5566878,0x0000000704880000)
 Metaspace       used 7151K, capacity 7736K, committed 7936K, reserved 1056768K
  class space    used 651K, capacity 688K, committed 768K, reserved 1048576K
}

