# JRE version: Java(TM) SE Runtime Environment (8.0_101-b13) (build 1.8.0_101-b13)
# Java VM: Java HotSpot(TM) 64-Bit Server VM (25.101-b13 mixed mode windows-amd64 compressed oops)
Heap:
 PSYoungGen      total 1037824K, used 329980K [0x000000076ab00000, 0x00000007bc180000, 0x00000007c0000000)
  eden space 761856K, 7% used [0x000000076ab00000,0x000000076dfc3878,0x0000000799300000)
  from space 275968K, 99% used [0x0000000799300000,0x00000007aa07b910,0x00000007aa080000)
  to   space 243200K, 0% used [0x00000007aa080000,0x00000007aa080000,0x00000007b8e00000)
 ParOldGen       total 938496K, used 774780K [0x00000006c0000000, 0x00000006f9480000, 0x000000076ab00000)
  object space 938496K, 82% used [0x00000006c0000000,0x00000006ef49f020,0x00000006f9480000)
 Metaspace       used 6817K, capacity 7384K, committed 7680K, reserved 1056768K
  class space    used 637K, capacity 656K, committed 768K, reserved 1048576K
GC Heap History (10 events):
Event: 26.125 GC heap before
{Heap before GC invocations=19 (full 4):
 PSYoungGen      total 903168K, used 148507K [0x000000076ab00000, 0x00000007b8e00000, 0x00000007c0000000)
  eden space 669184K, 0% used [0x000000076ab00000,0x000000076ab00000,0x0000000793880000)
  from space 233984K, 63% used [0x0000000793880000,0x000000079c986ef8,0x00000007a1d00000)
  to   space 243200K, 0% used [0x00000007aa080000,0x00000007aa080000,0x00000007b8e00000)
 ParOldGen       total 603648K, used 603646K [0x00000006c0000000, 0x00000006e4d80000, 0x000000076ab00000)
  object space 603648K, 99% used [0x00000006c0000000,0x00000006e4d7fa08,0x00000006e4d80000)
 Metaspace       used 6686K, capacity 7320K, committed 7680K, reserved 1056768K
  class space    used 630K, capacity 656K, committed 768K, reserved 1048576K
Event: 29.716 GC heap after
Heap after GC invocations=19 (full 4):
 PSYoungGen      total 903168K, used 139100K [0x000000076ab00000, 0x00000007b8e00000, 0x00000007c0000000)
  eden space 669184K, 0% used [0x000000076ab00000,0x000000076ab00000,0x0000000793880000)
  from space 233984K, 59% used [0x0000000793880000,0x000000079c0572b0,0x00000007a1d00000)
  to   space 243200K, 0% used [0x00000007aa080000,0x00000007aa080000,0x00000007b8e00000)
 ParOldGen       total 938496K, used 603247K [0x00000006c0000000, 0x00000006f9480000, 0x000000076ab00000)
  object space 938496K, 64% used [0x00000006c0000000,0x00000006e4d1bcc0,0x00000006f9480000)
 Metaspace       used 6686K, capacity 7320K, committed 7680K, reserved 1056768K
  class space    used 630K, capacity 656K, committed 768K, reserved 1048576K
}
Event: 31.441 GC heap before
{Heap before GC invocations=20 (full 4):
 PSYoungGen      total 903168K, used 808284K [0x000000076ab00000, 0x00000007b8e00000, 0x00000007c0000000)
  eden space 669184K, 100% used [0x000000076ab00000,0x0000000793880000,0x0000000793880000)
  from space 233984K, 59% used [0x0000000793880000,0x000000079c0572b0,0x00000007a1d00000)
  to   space 243200K, 0% used [0x00000007aa080000,0x00000007aa080000,0x00000007b8e00000)
 ParOldGen       total 938496K, used 603247K [0x00000006c0000000, 0x00000006f9480000, 0x000000076ab00000)
  object space 938496K, 64% used [0x00000006c0000000,0x00000006e4d1bcc0,0x00000006f9480000)
 Metaspace       used 6686K, capacity 7320K, committed 7680K, reserved 1056768K
  class space    used 630K, capacity 656K, committed 768K, reserved 1048576K
Event: 31.757 GC heap after
Heap after GC invocations=20 (full 4):
 PSYoungGen      total 1005056K, used 218978K [0x000000076ab00000, 0x00000007bc180000, 0x00000007c0000000)
  eden space 761856K, 0% used [0x000000076ab00000,0x000000076ab00000,0x0000000799300000)
  from space 243200K, 90% used [0x00000007aa080000,0x00000007b76588f8,0x00000007b8e00000)
  to   space 275968K, 0% used [0x0000000799300000,0x0000000799300000,0x00000007aa080000)
 ParOldGen       total 938496K, used 603247K [0x00000006c0000000, 0x00000006f9480000, 0x000000076ab00000)
  object space 938496K, 64% used [0x00000006c0000000,0x00000006e4d1bcc0,0x00000006f9480000)
 Metaspace       used 6686K, capacity 7320K, committed 7680K, reserved 1056768K
  class space    used 630K, capacity 656K, committed 768K, reserved 1048576K
}
Event: 33.876 GC heap before
{Heap before GC invocations=21 (full 4):
 PSYoungGen      total 1005056K, used 980834K [0x000000076ab00000, 0x00000007bc180000, 0x00000007c0000000)
  eden space 761856K, 100% used [0x000000076ab00000,0x0000000799300000,0x0000000799300000)
  from space 243200K, 90% used [0x00000007aa080000,0x00000007b76588f8,0x00000007b8e00000)
  to   space 275968K, 0% used [0x0000000799300000,0x0000000799300000,0x00000007aa080000)
 ParOldGen       total 938496K, used 603247K [0x00000006c0000000, 0x00000006f9480000, 0x000000076ab00000)
  object space 938496K, 64% used [0x00000006c0000000,0x00000006e4d1bcc0,0x00000006f9480000)
 Metaspace       used 6793K, capacity 7384K, committed 7680K, reserved 1056768K
  class space    used 636K, capacity 656K, committed 768K, reserved 1048576K
Event: 34.137 GC heap after
Heap after GC invocations=21 (full 4):
 PSYoungGen      total 1037824K, used 206743K [0x000000076ab00000, 0x00000007bc180000, 0x00000007c0000000)
  eden space 761856K, 0% used [0x000000076ab00000,0x000000076ab00000,0x0000000799300000)
  from space 275968K, 74% used [0x0000000799300000,0x00000007a5ce5e10,0x00000007aa080000)
  to   space 243200K, 0% used [0x00000007aa080000,0x00000007aa080000,0x00000007b8e00000)
 ParOldGen       total 938496K, used 603247K [0x00000006c0000000, 0x00000006f9480000, 0x000000076ab00000)
  object space 938496K, 64% used [0x00000006c0000000,0x00000006e4d1bcc0,0x00000006f9480000)
 Metaspace       used 6793K, capacity 7384K, committed 7680K, reserved 1056768K
  class space    used 636K, capacity 656K, committed 768K, reserved 1048576K
}
Event: 35.637 GC heap before
{Heap before GC invocations=22 (full 4):
 PSYoungGen      total 1037824K, used 968599K [0x000000076ab00000, 0x00000007bc180000, 0x00000007c0000000)
  eden space 761856K, 100% used [0x000000076ab00000,0x0000000799300000,0x0000000799300000)
  from space 275968K, 74% used [0x0000000799300000,0x00000007a5ce5e10,0x00000007aa080000)
  to   space 243200K, 0% used [0x00000007aa080000,0x00000007aa080000,0x00000007b8e00000)
 ParOldGen       total 938496K, used 603247K [0x00000006c0000000, 0x00000006f9480000, 0x000000076ab00000)
  object space 938496K, 64% used [0x00000006c0000000,0x00000006e4d1bcc0,0x00000006f9480000)
 Metaspace       used 6793K, capacity 7384K, committed 7680K, reserved 1056768K
  class space    used 636K, capacity 656K, committed 768K, reserved 1048576K
Event: 36.009 GC heap after
Heap after GC invocations=22 (full 4):
 PSYoungGen      total 1005056K, used 243193K [0x000000076ab00000, 0x00000007bc180000, 0x00000007c0000000)
  eden space 761856K, 0% used [0x000000076ab00000,0x000000076ab00000,0x0000000799300000)
  from space 243200K, 99% used [0x00000007aa080000,0x00000007b8dfe610,0x00000007b8e00000)
  to   space 275968K, 0% used [0x0000000799300000,0x0000000799300000,0x00000007aa080000)
 ParOldGen       total 938496K, used 680101K [0x00000006c0000000, 0x00000006f9480000, 0x000000076ab00000)
  object space 938496K, 72% used [0x00000006c0000000,0x00000006e9829660,0x00000006f9480000)
 Metaspace       used 6793K, capacity 7384K, committed 7680K, reserved 1056768K
  class space    used 636K, capacity 656K, committed 768K, reserved 1048576K
}
Event: 38.050 GC heap before
{Heap before GC invocations=23 (full 4):
 PSYoungGen      total 1005056K, used 1005049K [0x000000076ab00000, 0x00000007bc180000, 0x00000007c0000000)
  eden space 761856K, 100% used [0x000000076ab00000,0x0000000799300000,0x0000000799300000)
  from space 243200K, 99% used [0x00000007aa080000,0x00000007b8dfe610,0x00000007b8e00000)
  to   space 275968K, 0% used [0x0000000799300000,0x0000000799300000,0x00000007aa080000)
 ParOldGen       total 938496K, used 680101K [0x00000006c0000000, 0x00000006f9480000, 0x000000076ab00000)
  object space 938496K, 72% used [0x00000006c0000000,0x00000006e9829660,0x00000006f9480000)
 Metaspace       used 6814K, capacity 7384K, committed 7680K, reserved 1056768K
  class space    used 637K, capacity 656K, committed 768K, reserved 1048576K
Event: 38.644 GC heap after
Heap after GC invocations=23 (full 4):
 PSYoungGen      total 1037824K, used 275950K [0x000000076ab00000, 0x00000007bc180000, 0x00000007c0000000)
  eden space 761856K, 0% used [0x000000076ab00000,0x000000076ab00000,0x0000000799300000)
  from space 275968K, 99% used [0x0000000799300000,0x00000007aa07b910,0x00000007aa080000)
  to   space 243200K, 0% used [0x00000007aa080000,0x00000007aa080000,0x00000007b8e00000)
 ParOldGen       total 938496K, used 774780K [0x00000006c0000000, 0x00000006f9480000, 0x000000076ab00000)
  object space 938496K, 82% used [0x00000006c0000000,0x00000006ef49f020,0x00000006f9480000)
 Metaspace       used 6814K, capacity 7384K, committed 7680K, reserved 1056768K
  class space    used 637K, capacity 656K, committed 768K, reserved 1048576K
}

